<?xml version="1.0" encoding="UTF-8"?>
<!-- Generated by org.testng.reporters.JUnitReportReporter -->
<testsuite skipped="0" hostname="Omaids-MBP.fios-router.home" name="com.mortgage.dataDriven.testng.DataProviderTestNG" tests="10" failures="0" timestamp="2020-05-09T17:12:41 EDT" time="52.464" errors="0">
  <testcase name="mortgageCalculator" time="5.821" classname="com.mortgage.dataDriven.testng.DataProviderTestNG"/>
  <system-out/>
  <testcase name="mortgageCalculator" time="4.701" classname="com.mortgage.dataDriven.testng.DataProviderTestNG"/>
  <system-out/>
  <testcase name="mortgageCalculator" time="5.016" classname="com.mortgage.dataDriven.testng.DataProviderTestNG"/>
  <system-out/>
  <testcase name="mortgageCalculator" time="4.488" classname="com.mortgage.dataDriven.testng.DataProviderTestNG"/>
  <system-out/>
  <testcase name="mortgageCalculator" time="5.586" classname="com.mortgage.dataDriven.testng.DataProviderTestNG"/>
  <system-out/>
  <testcase name="mortgageCalculator" time="5.707" classname="com.mortgage.dataDriven.testng.DataProviderTestNG"/>
  <system-out/>
  <testcase name="mortgageCalculator" time="5.576" classname="com.mortgage.dataDriven.testng.DataProviderTestNG"/>
  <system-out/>
  <testcase name="mortgageCalculator" time="5.598" classname="com.mortgage.dataDriven.testng.DataProviderTestNG"/>
  <system-out/>
  <testcase name="mortgageCalculator" time="4.602" classname="com.mortgage.dataDriven.testng.DataProviderTestNG"/>
  <system-out/>
  <testcase name="mortgageCalculator" time="5.369" classname="com.mortgage.dataDriven.testng.DataProviderTestNG"/>
  <system-out/>
</testsuite> <!-- com.mortgage.dataDriven.testng.DataProviderTestNG -->
